<?xml version="1.0" encoding="UTF-8"?>
<robot generator="Robot 7.1.1 (Python 3.13.1 on win32)" generated="2025-01-16T22:45:30.867307" rpa="false" schemaversion="5">
<suite id="s1" name="Caso De Teste" source="c:\Users\vitor.alcantara\Desktop\PetStore\ArquivosLogin\Caso_De_Teste.robot">
<test id="s1-t1" name="caso de cenario 01:" line="16">
<kw name="Criar novo usuario" owner="login">
<kw name="Generate Random String" owner="String">
<msg time="2025-01-16T22:45:32.002346" level="INFO">${palavra_aleatoria} = MrNw</msg>
<var>${palavra_aleatoria}</var>
<arg>length=4</arg>
<arg>chars=[LETTERS]</arg>
<doc>Generates a string with a desired ``length`` from the given ``chars``.</doc>
<status status="PASS" start="2025-01-16T22:45:32.001585" elapsed="0.001769"/>
</kw>
<kw name="Convert To Lower Case" owner="String">
<msg time="2025-01-16T22:45:32.004420" level="INFO">${palavra_aleatoria} = mrnw</msg>
<var>${palavra_aleatoria}</var>
<arg>${palavra_aleatoria}</arg>
<doc>Converts string to lower case.</doc>
<status status="PASS" start="2025-01-16T22:45:32.003822" elapsed="0.000862"/>
</kw>
<kw name="Set Test Variable" owner="BuiltIn">
<msg time="2025-01-16T22:45:32.007230" level="INFO">${EMAIL_TESTE} = mrnw@emailtest.com</msg>
<arg>${EMAIL_TESTE}</arg>
<arg>${palavra_aleatoria}@emailtest.com</arg>
<doc>Makes a variable available everywhere within the scope of the current test.</doc>
<status status="PASS" start="2025-01-16T22:45:32.005075" elapsed="0.002665"/>
</kw>
<kw name="Log" owner="BuiltIn">
<msg time="2025-01-16T22:45:32.008933" level="INFO">mrnw@emailtest.com</msg>
<arg>${EMAIL_TESTE}</arg>
<doc>Logs the given message with the given level.</doc>
<status status="PASS" start="2025-01-16T22:45:32.008279" elapsed="0.001029"/>
</kw>
<status status="PASS" start="2025-01-16T22:45:32.000156" elapsed="0.009524"/>
</kw>
<kw name="Get Endpoint /usuarios" owner="login">
<kw name="GET On Session" owner="RequestsLibrary">
<msg time="2025-01-16T22:45:32.012314" level="FAIL">Non-existing index or alias 'petstore'.</msg>
<var>${resposta}</var>
<arg>petstore</arg>
<arg>/usuarios</arg>
<doc>Sends a GET request on a previously created HTTP Session.</doc>
<status status="FAIL" start="2025-01-16T22:45:32.011556" elapsed="0.011652">Non-existing index or alias 'petstore'.</status>
</kw>
<kw name="Set Global Variable" owner="BuiltIn">
<arg>${resposta}</arg>
<doc>Makes a variable available globally in all tests and suites.</doc>
<status status="NOT RUN" start="2025-01-16T22:45:32.024092" elapsed="0.000304"/>
</kw>
<status status="FAIL" start="2025-01-16T22:45:32.010741" elapsed="0.014127">Non-existing index or alias 'petstore'.</status>
</kw>
<kw name="Validar Status Code &quot;200&quot;" owner="login">
<status status="NOT RUN" start="2025-01-16T22:45:32.029572" elapsed="0.000355"/>
</kw>
<status status="FAIL" start="2025-01-16T22:45:31.998536" elapsed="0.034433">Non-existing index or alias 'petstore'.</status>
</test>
<status status="FAIL" start="2025-01-16T22:45:30.878406" elapsed="1.157738"/>
</suite>
<statistics>
<total>
<stat pass="0" fail="1" skip="0">All Tests</stat>
</total>
<tag>
</tag>
<suite>
<stat pass="0" fail="1" skip="0" id="s1" name="Caso De Teste">Caso De Teste</stat>
</suite>
</statistics>
<errors>
<msg time="2025-01-16T22:45:31.991830" level="ERROR">Error in file 'c:\Users\vitor.alcantara\Desktop\PetStore\ArquivosLogin\login.robot' on line 6: Error in file 'c:\Users\vitor.alcantara\Desktop\PetStore\ArquivosLogin\Caso_De_Teste.robot' on line 14: Resource file with 'Test Cases' section is invalid.</msg>
</errors>
</robot>
